<testsuites id="" name="" tests="3" failures="0" skipped="0" errors="0" time="5.387843000000001">
<testsuite name="bacoffice\backoffice-001.spec.ts" timestamp="2024-05-31T13:20:47.021Z" hostname="Chrome" tests="3" failures="0" skipped="0" time="2.094" errors="0">
<testcase name="Login with invalid email @login (Qase ID: 1)" classname="bacoffice\backoffice-001.spec.ts" time="0.678">
<system-out>
<![CDATA[
[[ATTACHMENT|..\test-results\bacoffice-backoffice-001-Login-with-invalid-email-login-Qase-ID-1--Chrome\trace.zip]]
]]>
</system-out>
</testcase>
<testcase name="Login with invalid password @login (Qase ID: 2)" classname="bacoffice\backoffice-001.spec.ts" time="0.608">
<system-out>
<![CDATA[
[[ATTACHMENT|..\test-results\bacoffice-backoffice-001-Login-with-invalid-password-login-Qase-ID-2--Chrome\trace.zip]]
]]>
</system-out>
</testcase>
<testcase name="Login with valid credential @login (Qase ID: 3)" classname="bacoffice\backoffice-001.spec.ts" time="0.808">
<system-out>
<![CDATA[
[[ATTACHMENT|..\test-results\bacoffice-backoffice-001-Login-with-valid-credential-login-Qase-ID-3--Chrome\trace.zip]]
]]>
</system-out>
</testcase>
</testsuite>
</testsuites>